[055月2026 22:16:04.628] [main/INFO] [cpw.mods.modlauncher.Launcher/MODLAUNCHER]: ModLauncher running: args [--launchTarget, forgeclientdev, --version, 21.1.228, --assetIndex, 17, --assetsDir, C:\\Users\\34034\\.gradle\\caches\\neoformruntime\\assets, --gameDir, ., --fml.fmlVersion, 4.0.42, --fml.mcVersion, 1.21.1, --fml.neoForgeVersion, 21.1.228, --fml.neoFormVersion, 20240808.144430]
[055月2026 22:16:04.631] [main/INFO] [cpw.mods.modlauncher.Launcher/MODLAUNCHER]: JVM identified as Microsoft OpenJDK 64-Bit Server VM 21.0.11+10-LTS
[055月2026 22:16:04.633] [main/INFO] [cpw.mods.modlauncher.Launcher/MODLAUNCHER]: ModLauncher 11.0.5+main.901c6ea8 starting: java version 21.0.11 by Microsoft; OS Windows 11 arch amd64 version 10.0
[055月2026 22:16:04.766] [main/INFO] [net.neoforged.fml.loading.ImmediateWindowHandler/]: Loading ImmediateWindowProvider fmlearlywindow
[055月2026 22:16:04.946] [main/INFO] [EARLYDISPLAY/]: Trying GL version 4.6
[055月2026 22:16:05.154] [main/INFO] [EARLYDISPLAY/]: Requested GL version 4.6 got version 4.6
[055月2026 22:16:05.245] [main/INFO] [mixin/]: SpongePowered MIXIN Subsystem Version=0.8.7 Source=union:/C:/Users/34034/.gradle/caches/modules-2/files-2.1/net.fabricmc/sponge-mixin/0.15.2+mixin.0.8.7/2af2f021d8e02a0220dc27a7a72b4666d66d44ca/sponge-mixin-0.15.2+mixin.0.8.7.jar%23138!/ Service=ModLauncher Env=CLIENT
[055月2026 22:16:05.392] [pool-2-thread-1/INFO] [EARLYDISPLAY/]: GL info: NVIDIA GeForce RTX 5060 Laptop GPU/PCIe/SSE2 GL version 4.6.0 NVIDIA 595.97, NVIDIA Corporation
[055月2026 22:16:05.620] [main/INFO] [net.neoforged.fml.loading.moddiscovery.locators.JarInJarDependencyLocator/]: Found 5 dependencies adding them to mods collection
[055月2026 22:16:05.621] [main/INFO] [net.neoforged.fml.loading.moddiscovery.ModDiscoverer/]: 
     Mod List:
		Name Version (Mod Id)

		Create 6.0.7 (create)
		crh 1.0 (crh)
		Flywheel 1.0.5 (flywheel)
		Minecraft 1.21.1 (minecraft)
		NeoForge 21.1.228 (neoforge)
		Ponder 1.0.63 (ponder)
[055月2026 22:16:06.620] [main/INFO] [mixin/]: Compatibility level set to JAVA_21
[055月2026 22:16:06.631] [main/INFO] [cpw.mods.modlauncher.LaunchServiceHandler/MODLAUNCHER]: Launching target 'forgeclientdev' with arguments [--version, 21.1.228, --gameDir, ., --assetsDir, C:\Users\34034\.gradle\caches\neoformruntime\assets, --assetIndex, 17]
[055月2026 22:16:07.261] [main/WARN] [mixin/]: Error loading class: xaero/map/gui/GuiMap (java.lang.ClassNotFoundException: xaero.map.gui.GuiMap)
[055月2026 22:16:07.263] [main/WARN] [mixin/]: @Mixin target xaero.map.gui.GuiMap was not found create.mixins.json:compat.xaeros.XaeroFullscreenMapAccessor from mod create
[055月2026 22:16:07.263] [main/WARN] [mixin/]: Error loading class: xaero/map/gui/GuiMap (java.lang.ClassNotFoundException: xaero.map.gui.GuiMap)
[055月2026 22:16:07.264] [main/WARN] [mixin/]: @Mixin target xaero.map.gui.GuiMap was not found create.mixins.json:compat.xaeros.XaeroFullscreenMapMixin from mod create
[055月2026 22:16:07.290] [main/WARN] [mixin/]: Error loading class: org/jetbrains/annotations/ApiStatus$ScheduledForRemoval (java.lang.ClassNotFoundException: org.jetbrains.annotations.ApiStatus$ScheduledForRemoval)
[055月2026 22:16:07.332] [main/INFO] [MixinExtras|Service/]: Initializing MixinExtras via com.llamalad7.mixinextras.service.MixinExtrasServiceImpl(version=0.5.3).
[055月2026 22:16:09.640] [Datafixer Bootstrap/INFO] [com.mojang.datafixers.DataFixerBuilder/]: 229 Datafixer optimizations took 385 milliseconds
[055月2026 22:16:14.671] [main/WARN] [net.minecraft.commands.Commands/]: Ambiguity between arguments [teleport, location] and [teleport, destination] with inputs: [0.1 -0.5 .9, 0 0 0]
[055月2026 22:16:14.672] [main/WARN] [net.minecraft.commands.Commands/]: Ambiguity between arguments [teleport, location] and [teleport, targets] with inputs: [0.1 -0.5 .9, 0 0 0]
[055月2026 22:16:14.674] [main/WARN] [net.minecraft.commands.Commands/]: Ambiguity between arguments [teleport, destination] and [teleport, targets] with inputs: [Player, 0123, @e, dd12be42-52a9-4a91-a8a1-11c01849e498]
[055月2026 22:16:14.674] [main/WARN] [net.minecraft.commands.Commands/]: Ambiguity between arguments [teleport, targets] and [teleport, destination] with inputs: [Player, 0123, dd12be42-52a9-4a91-a8a1-11c01849e498]
[055月2026 22:16:14.675] [main/WARN] [net.minecraft.commands.Commands/]: Ambiguity between arguments [teleport, targets, location] and [teleport, targets, destination] with inputs: [0.1 -0.5 .9, 0 0 0]
[055月2026 22:16:14.795] [Render thread/WARN] [net.minecraft.server.packs.VanillaPackResourcesBuilder/]: Assets URL 'union:/C:/Users/34034/IdeaProjects/crh/build/moddev/artifacts/neoforge-21.1.228.jar%23190!/assets/.mcassetsroot' uses unexpected schema
[055月2026 22:16:14.796] [Render thread/WARN] [net.minecraft.server.packs.VanillaPackResourcesBuilder/]: Assets URL 'union:/C:/Users/34034/IdeaProjects/crh/build/moddev/artifacts/neoforge-21.1.228.jar%23190!/data/.mcassetsroot' uses unexpected schema
[055月2026 22:16:14.825] [Render thread/INFO] [com.mojang.authlib.yggdrasil.YggdrasilAuthenticationService/]: Environment: Environment[sessionHost=https://sessionserver.mojang.com, servicesHost=https://api.minecraftservices.com, name=PROD]
[055月2026 22:16:14.833] [Render thread/INFO] [net.minecraft.client.Minecraft/]: Setting user: Dev
[055月2026 22:16:14.942] [Render thread/INFO] [net.minecraft.client.Minecraft/]: Backend library: LWJGL version 3.3.3+5
[055月2026 22:16:15.153] [modloading-worker-0/INFO] [net.neoforged.neoforge.common.NeoForgeMod/NEOFORGE-MOD]: NeoForge mod loading, version 21.1.228, for MC 1.21.1
[055月2026 22:16:15.198] [modloading-worker-0/INFO] [com.simibubi.create.Create/]: Create 6.0.7 initializing! Commit hash: e078b009b0b90dd5371429890e50be6f7d0a9ecd
[055月2026 22:16:17.669] [Render thread/INFO] [net.neoforged.neoforge.gametest.GameTestHooks/]: Enabled Gametest Namespaces: [crh]
[055月2026 22:16:17.888] [Render thread/INFO] [net.minecraft.server.packs.resources.ReloadableResourceManager/]: Reloading ResourceManager: vanilla, mod_resources, mod/crh, mod/flywheel, mod/ponder, mod/create, mod/neoforge
[055月2026 22:16:18.058] [Worker-Main-3/INFO] [net.minecraft.client.gui.font.providers.UnihexProvider/]: Found unifont_all_no_pua-15.1.05.hex, loading
[055月2026 22:16:18.058] [Worker-Main-6/INFO] [net.minecraft.client.gui.font.providers.UnihexProvider/]: Found unifont_jp_patch-15.1.05.hex, loading
[055月2026 22:16:19.994] [Worker-Main-1/INFO] [PonderIndex/]: Registering Ponder Scenes took 176.0 ms
[055月2026 22:16:19.998] [Worker-Main-1/INFO] [PonderIndex/]: Registering Ponder Tags took 3.975 ms
[055月2026 22:16:20.110] [Render thread/WARN] [net.minecraft.client.sounds.SoundEngine/]: Missing sound for event: minecraft:item.goat_horn.play
[055月2026 22:16:20.110] [Render thread/WARN] [net.minecraft.client.sounds.SoundEngine/]: Missing sound for event: minecraft:entity.goat.screaming.horn_break
[055月2026 22:16:20.163] [Render thread/INFO] [com.mojang.blaze3d.audio.Library/]: OpenAL initialized on device OpenAL Soft on 扬声器 (Star Y360)
[055月2026 22:16:20.164] [Render thread/INFO] [net.minecraft.client.sounds.SoundEngine/SOUNDS]: Sound engine started
[055月2026 22:16:20.238] [Render thread/INFO] [net.minecraft.client.renderer.texture.TextureAtlas/]: Created: 2048x1024x4 minecraft:textures/atlas/blocks.png-atlas
[055月2026 22:16:20.249] [Render thread/INFO] [net.minecraft.client.renderer.texture.TextureAtlas/]: Created: 256x256x4 minecraft:textures/atlas/signs.png-atlas
[055月2026 22:16:20.250] [Render thread/INFO] [net.minecraft.client.renderer.texture.TextureAtlas/]: Created: 512x512x4 minecraft:textures/atlas/shield_patterns.png-atlas
[055月2026 22:16:20.250] [Render thread/INFO] [net.minecraft.client.renderer.texture.TextureAtlas/]: Created: 512x512x4 minecraft:textures/atlas/banner_patterns.png-atlas
[055月2026 22:16:20.250] [Render thread/INFO] [net.minecraft.client.renderer.texture.TextureAtlas/]: Created: 2048x1024x4 minecraft:textures/atlas/armor_trims.png-atlas
[055月2026 22:16:20.254] [Render thread/INFO] [net.minecraft.client.renderer.texture.TextureAtlas/]: Created: 256x256x4 minecraft:textures/atlas/chest.png-atlas
[055月2026 22:16:20.254] [Render thread/INFO] [net.minecraft.client.renderer.texture.TextureAtlas/]: Created: 128x64x4 minecraft:textures/atlas/decorated_pot.png-atlas
[055月2026 22:16:20.254] [Render thread/INFO] [net.minecraft.client.renderer.texture.TextureAtlas/]: Created: 512x256x4 minecraft:textures/atlas/shulker_boxes.png-atlas
[055月2026 22:16:20.255] [Render thread/INFO] [net.minecraft.client.renderer.texture.TextureAtlas/]: Created: 512x256x4 minecraft:textures/atlas/beds.png-atlas
[055月2026 22:16:20.342] [Render thread/INFO] [net.minecraft.client.renderer.texture.TextureAtlas/]: Created: 512x256x0 minecraft:textures/atlas/particles.png-atlas
[055月2026 22:16:20.345] [Render thread/INFO] [net.minecraft.client.renderer.texture.TextureAtlas/]: Created: 512x256x0 minecraft:textures/atlas/paintings.png-atlas
[055月2026 22:16:20.345] [Render thread/INFO] [net.minecraft.client.renderer.texture.TextureAtlas/]: Created: 256x128x0 minecraft:textures/atlas/mob_effects.png-atlas
[055月2026 22:16:20.346] [Render thread/INFO] [net.minecraft.client.renderer.texture.TextureAtlas/]: Created: 64x64x0 minecraft:textures/atlas/map_decorations.png-atlas
[055月2026 22:16:20.346] [Render thread/INFO] [net.minecraft.client.renderer.texture.TextureAtlas/]: Created: 1024x512x0 minecraft:textures/atlas/gui.png-atlas
[055月2026 22:16:20.370] [Render thread/WARN] [net.minecraft.client.renderer.ShaderInstance/]: Shader rendertype_entity_translucent_emissive could not find sampler named Sampler2 in the specified shader program.
[055月2026 22:16:20.454] [Render thread/INFO] [flywheel/backend/shaders/]: Loaded 77 shader sources in 19.401 ms
[055月2026 22:16:20.491] [Render thread/INFO] [com.simibubi.create.Create/]: Loaded 58 train hat configurations.
[055月2026 22:16:20.493] [Render thread/INFO] [net.neoforged.neoforge.client.entity.animation.json.AnimationLoader/]: Loaded 0 entity animations
[055月2026 22:16:38.251] [Render thread/INFO] [com.simibubi.create.Create/]: Created 157 recipes which will be injected into the game
[055月2026 22:16:38.255] [Render thread/INFO] [com.simibubi.create.Create/]: Created 0 tags which will be injected into the game
[055月2026 22:16:39.167] [Render thread/INFO] [net.minecraft.world.item.crafting.RecipeManager/]: Loaded 2784 recipes
[055月2026 22:16:39.408] [Render thread/INFO] [net.minecraft.advancements.AdvancementTree/]: Loaded 2475 advancements
[055月2026 22:16:40.143] [Server thread/INFO] [net.minecraft.client.server.IntegratedServer/]: Starting integrated minecraft server version 1.21.1
[055月2026 22:16:40.143] [Server thread/INFO] [net.minecraft.server.MinecraftServer/]: Generating keypair
[055月2026 22:16:40.988] [Server thread/INFO] [net.minecraft.server.MinecraftServer/]: Preparing start region for dimension minecraft:overworld
[055月2026 22:16:41.270] [progressListener/INFO] [net.minecraft.server.level.progress.LoggerChunkProgressListener/]: 准备生成区域中：0%
[055月2026 22:16:41.398] [Server thread/INFO] [net.neoforged.neoforge.server.permission.PermissionAPI/]: Successfully initialized permission handler neoforge:default_handler
[055月2026 22:16:41.466] [Server thread/INFO] [net.minecraft.client.server.IntegratedServer/]: Changing view distance to 12, from 10
[055月2026 22:16:41.466] [Server thread/INFO] [net.minecraft.client.server.IntegratedServer/]: Changing simulation distance to 12, from 0
[055月2026 22:16:41.729] [progressListener/INFO] [net.minecraft.server.level.progress.LoggerChunkProgressListener/]: Time elapsed: 724 ms
[055月2026 22:16:41.888] [Render thread/INFO] [com.simibubi.create.Create/]: Created 157 recipes which will be injected into the game
[055月2026 22:16:41.890] [Render thread/INFO] [com.simibubi.create.Create/]: Created 0 tags which will be injected into the game
[055月2026 22:16:42.142] [Server thread/INFO] [net.minecraft.server.players.PlayerList/]: Dev[local:E:9850af0e] logged in with entity id 38 at (4.384111294794553, 71.0, -37.12486809312908)
[055月2026 22:16:42.206] [Server thread/INFO] [net.minecraft.server.MinecraftServer/]: Dev加入了游戏
[055月2026 22:16:42.535] [Render thread/INFO] [flywheel/]: Started 10 worker threads
[055月2026 22:16:42.642] [Render thread/INFO] [net.minecraft.advancements.AdvancementTree/]: Loaded 51 advancements
[055月2026 22:16:52.404] [Server thread/INFO] [net.minecraft.server.MinecraftServer/]: [Dev: 已将自己的游戏模式设置为生存模式]
[055月2026 22:16:52.413] [Render thread/INFO] [net.minecraft.client.gui.components.ChatComponent/]: [System] [CHAT] 已将自己的游戏模式设置为生存模式
[055月2026 22:16:56.250] [Server thread/INFO] [net.minecraft.client.server.IntegratedServer/]: Saving and pausing game...
[055月2026 22:16:56.273] [Server thread/INFO] [net.minecraft.server.MinecraftServer/]: Saving chunks for level 'ServerLevel[新的世界]'/minecraft:overworld
[055月2026 22:16:56.284] [Server thread/INFO] [net.minecraft.server.MinecraftServer/]: Saving chunks for level 'ServerLevel[新的世界]'/minecraft:the_end
[055月2026 22:16:56.284] [Server thread/INFO] [net.minecraft.server.MinecraftServer/]: Saving chunks for level 'ServerLevel[新的世界]'/minecraft:the_nether
[055月2026 22:16:56.656] [Server thread/INFO] [net.minecraft.server.network.ServerGamePacketListenerImpl/]: Dev lost connection: 连接中断
[055月2026 22:16:56.656] [Server thread/INFO] [net.minecraft.server.MinecraftServer/]: Dev退出了游戏
[055月2026 22:16:56.669] [Server thread/INFO] [net.minecraft.server.network.ServerCommonPacketListenerImpl/]: Stopping singleplayer server as player logged out
[055月2026 22:16:56.702] [Server thread/INFO] [net.minecraft.server.MinecraftServer/]: Stopping server
[055月2026 22:16:56.702] [Server thread/INFO] [net.minecraft.server.MinecraftServer/]: Saving players
[055月2026 22:16:56.702] [Server thread/INFO] [net.minecraft.server.MinecraftServer/]: Saving worlds
[055月2026 22:16:56.797] [Server thread/INFO] [net.minecraft.server.MinecraftServer/]: Saving chunks for level 'ServerLevel[新的世界]'/minecraft:overworld
[055月2026 22:16:56.913] [Server thread/INFO] [net.minecraft.server.MinecraftServer/]: Saving chunks for level 'ServerLevel[新的世界]'/minecraft:the_end
[055月2026 22:16:56.918] [Server thread/INFO] [net.minecraft.server.MinecraftServer/]: Saving chunks for level 'ServerLevel[新的世界]'/minecraft:the_nether
[055月2026 22:16:56.931] [Server thread/INFO] [net.minecraft.server.MinecraftServer/]: ThreadedAnvilChunkStorage (新的世界): All chunks are saved
[055月2026 22:16:56.931] [Server thread/INFO] [net.minecraft.server.MinecraftServer/]: ThreadedAnvilChunkStorage (DIM1): All chunks are saved
[055月2026 22:16:56.931] [Server thread/INFO] [net.minecraft.server.MinecraftServer/]: ThreadedAnvilChunkStorage (DIM-1): All chunks are saved
[055月2026 22:16:56.931] [Server thread/INFO] [net.minecraft.server.MinecraftServer/]: ThreadedAnvilChunkStorage: All dimensions are saved
[055月2026 22:17:00.503] [Render thread/INFO] [net.minecraft.client.Minecraft/]: Stopping!
